[2025-12-20 01:13:12] [INFO ] TC01_RegisterTest - Before Suite executed
[2025-12-20 01:13:12] [INFO ] TestListener - >>> START TEST SUITE: Register Test
[2025-12-20 01:13:12] [INFO ] TC02_LoginTest - Before class executed
[2025-12-20 01:13:15] [INFO ] TC02_LoginTest - Before Method executed
[2025-12-20 01:13:15] [INFO ] TestListener - ===== START TEST: testLoginWithInvalidAccount =====
[2025-12-20 01:13:16] [INFO ] TopBarNavigation - click: By.xpath: //h3[text()='Đăng Nhập']
[2025-12-20 01:13:16] [INFO ] TopBarNavigation - waitForElementToBeClickable: By.xpath: //h3[text()='Đăng Nhập']
[2025-12-20 01:13:16] [INFO ] LoginPage - enterAccount: invalid_account_123
[2025-12-20 01:13:16] [INFO ] LoginPage - sendKeys: By.id: taiKhoan with invalid_account_123
[2025-12-20 01:13:16] [INFO ] LoginPage - waitForVisibilityOfElementLocated: By.id: taiKhoan
[2025-12-20 01:13:16] [INFO ] LoginPage - enterPassword: Test123456@
[2025-12-20 01:13:16] [INFO ] LoginPage - sendKeys: By.id: matKhau with Test123456@
[2025-12-20 01:13:16] [INFO ] LoginPage - waitForVisibilityOfElementLocated: By.id: matKhau
[2025-12-20 01:13:16] [INFO ] LoginPage - clickLogin
[2025-12-20 01:13:16] [INFO ] LoginPage - click: By.xpath: //button[.='Đăng nhập']
[2025-12-20 01:13:16] [INFO ] LoginPage - waitForElementToBeClickable: By.xpath: //button[.='Đăng nhập']
[2025-12-20 01:13:16] [INFO ] LoginPage - getMessage1
[2025-12-20 01:13:16] [INFO ] LoginPage - getText: By.xpath: //p[@id='matKhau-helper-text']
[2025-12-20 01:13:16] [INFO ] LoginPage - waitForVisibilityOfElementLocated: By.xpath: //p[@id='matKhau-helper-text']
[2025-12-20 01:13:46] [ERROR] TestListener - ===== FAILED TEST: testLoginWithInvalidAccount =====
org.openqa.selenium.TimeoutException: Expected condition failed: waiting for visibility of element located by By.xpath: //p[@id='matKhau-helper-text'] (tried for 30 second(s) with 500 milliseconds interval)
Build info: version: '4.35.0', revision: '1c58e5028b'
System info: os.name: 'Windows 11', os.arch: 'amd64', os.version: '10.0', java.version: '21.0.6'
Driver info: org.openqa.selenium.chrome.ChromeDriver
Capabilities {acceptInsecureCerts: false, browserName: chrome, browserVersion: 143.0.7499.109, chrome: {chromedriverVersion: 143.0.7499.169 (164b20aab62..., userDataDir: C:\Users\admin\AppData\Loca...}, fedcm:accounts: true, goog:chromeOptions: {debuggerAddress: localhost:55552}, goog:processID: 22460, networkConnectionEnabled: false, pageLoadStrategy: normal, platformName: windows, proxy: Proxy(), se:cdp: ws://localhost:55552/devtoo..., se:cdpVersion: 143.0.7499.109, setWindowRect: true, strictFileInteractability: false, timeouts: {implicit: 0, pageLoad: 300000, script: 30000}, unhandledPromptBehavior: dismiss and notify, webauthn:extension:credBlob: true, webauthn:extension:largeBlob: true, webauthn:extension:minPinLength: true, webauthn:extension:prf: true, webauthn:virtualAuthenticators: true}
Session ID: b683d731b2eeb4828d5f69f9ac29d27d
	at org.openqa.selenium.support.ui.WebDriverWait.timeoutException(WebDriverWait.java:84)
	at org.openqa.selenium.support.ui.FluentWait.until(FluentWait.java:228)
	at base.BasePage.waitForVisibilityOfElementLocated(BasePage.java:26)
	at base.BasePage.getText(BasePage.java:48)
	at pages.LoginPage.getMessageFailed(LoginPage.java:41)
	at testcases.login.TC02_LoginTest.testLoginWithInvalidAccount(TC02_LoginTest.java:112)
	at java.base/jdk.internal.reflect.DirectMethodHandleAccessor.invoke(DirectMethodHandleAccessor.java:103)
	at java.base/java.lang.reflect.Method.invoke(Method.java:580)
	at org.testng.internal.invokers.MethodInvocationHelper.invokeMethod(MethodInvocationHelper.java:141)
	at org.testng.internal.invokers.TestInvoker.invokeMethod(TestInvoker.java:687)
	at org.testng.internal.invokers.TestInvoker.invokeTestMethod(TestInvoker.java:230)
	at org.testng.internal.invokers.MethodRunner.runInSequence(MethodRunner.java:63)
	at org.testng.internal.invokers.TestInvoker$MethodInvocationAgent.invoke(TestInvoker.java:995)
	at org.testng.internal.invokers.TestInvoker.invokeTestMethods(TestInvoker.java:203)
	at org.testng.internal.invokers.TestMethodWorker.invokeTestMethods(TestMethodWorker.java:154)
	at org.testng.internal.invokers.TestMethodWorker.run(TestMethodWorker.java:134)
	at java.base/java.util.concurrent.Executors$RunnableAdapter.call(Executors.java:572)
	at java.base/java.util.concurrent.FutureTask.run(FutureTask.java:317)
	at org.testng.internal.thread.graph.TestNGFutureTask.run(TestNGFutureTask.java:22)
	at java.base/java.util.concurrent.ThreadPoolExecutor.runWorker(ThreadPoolExecutor.java:1144)
	at java.base/java.util.concurrent.ThreadPoolExecutor$Worker.run(ThreadPoolExecutor.java:642)
	at java.base/java.lang.Thread.run(Thread.java:1583)
[2025-12-20 01:13:46] [INFO ] TC02_LoginTest - After Method executed
[2025-12-20 01:13:47] [INFO ] TC02_LoginTest - After class executed
[2025-12-20 01:13:47] [INFO ] TestListener - >>> FINISH TEST SUITE: Register Test
[2025-12-20 01:13:47] [INFO ] TC01_RegisterTest - Test Suite completed
[2025-12-20 01:39:59] [INFO ] TC01_RegisterTest - Before Suite executed
[2025-12-20 01:39:59] [INFO ] TestListener - >>> START TEST SUITE: Register Test
[2025-12-20 01:39:59] [INFO ] TC02_LoginTest - Before class executed
[2025-12-20 01:40:00] [INFO ] TC02_LoginTest - Before Method executed
[2025-12-20 01:40:00] [INFO ] TestListener - ===== START TEST: testLoginWithInvalidAccount =====
[2025-12-20 01:40:01] [INFO ] TopBarNavigation - click: By.xpath: //h3[text()='Đăng Nhập']
[2025-12-20 01:40:01] [INFO ] TopBarNavigation - waitForElementToBeClickable: By.xpath: //h3[text()='Đăng Nhập']
[2025-12-20 01:40:01] [INFO ] LoginPage - enterAccount: invalid_account_123
[2025-12-20 01:40:01] [INFO ] LoginPage - sendKeys: By.id: taiKhoan with invalid_account_123
[2025-12-20 01:40:01] [INFO ] LoginPage - waitForVisibilityOfElementLocated: By.id: taiKhoan
[2025-12-20 01:40:01] [INFO ] LoginPage - enterPassword: 
[2025-12-20 01:40:01] [INFO ] LoginPage - sendKeys: By.id: matKhau with 
[2025-12-20 01:40:01] [INFO ] LoginPage - waitForVisibilityOfElementLocated: By.id: matKhau
[2025-12-20 01:40:01] [INFO ] LoginPage - clickLogin
[2025-12-20 01:40:01] [INFO ] LoginPage - click: By.xpath: //button[.='Đăng nhập']
[2025-12-20 01:40:01] [INFO ] LoginPage - waitForElementToBeClickable: By.xpath: //button[.='Đăng nhập']
[2025-12-20 01:40:01] [INFO ] LoginPage - getMessage1
[2025-12-20 01:40:01] [INFO ] LoginPage - getText: By.xpath: //p[@id='matKhau-helper-text']
[2025-12-20 01:40:01] [INFO ] LoginPage - waitForVisibilityOfElementLocated: By.xpath: //p[@id='matKhau-helper-text']
[2025-12-20 01:40:01] [ERROR] TestListener - ===== FAILED TEST: testLoginWithInvalidAccount =====
java.lang.AssertionError: Invalid account message expected [Tài khoản hoặc mật khẩu không đúng] but found [Đây là trường bắt buộc !]
	at org.testng.Assert.fail(Assert.java:111)
	at org.testng.Assert.failNotEquals(Assert.java:1590)
	at org.testng.Assert.assertEqualsImpl(Assert.java:150)
	at org.testng.Assert.assertEquals(Assert.java:132)
	at org.testng.Assert.assertEquals(Assert.java:656)
	at testcases.login.TC02_LoginTest.testLoginWithInvalidAccount(TC02_LoginTest.java:113)
	at java.base/jdk.internal.reflect.DirectMethodHandleAccessor.invoke(DirectMethodHandleAccessor.java:103)
	at java.base/java.lang.reflect.Method.invoke(Method.java:580)
	at org.testng.internal.invokers.MethodInvocationHelper.invokeMethod(MethodInvocationHelper.java:141)
	at org.testng.internal.invokers.TestInvoker.invokeMethod(TestInvoker.java:687)
	at org.testng.internal.invokers.TestInvoker.invokeTestMethod(TestInvoker.java:230)
	at org.testng.internal.invokers.MethodRunner.runInSequence(MethodRunner.java:63)
	at org.testng.internal.invokers.TestInvoker$MethodInvocationAgent.invoke(TestInvoker.java:995)
	at org.testng.internal.invokers.TestInvoker.invokeTestMethods(TestInvoker.java:203)
	at org.testng.internal.invokers.TestMethodWorker.invokeTestMethods(TestMethodWorker.java:154)
	at org.testng.internal.invokers.TestMethodWorker.run(TestMethodWorker.java:134)
	at java.base/java.util.concurrent.Executors$RunnableAdapter.call(Executors.java:572)
	at java.base/java.util.concurrent.FutureTask.run(FutureTask.java:317)
	at org.testng.internal.thread.graph.TestNGFutureTask.run(TestNGFutureTask.java:22)
	at java.base/java.util.concurrent.ThreadPoolExecutor.runWorker(ThreadPoolExecutor.java:1144)
	at java.base/java.util.concurrent.ThreadPoolExecutor$Worker.run(ThreadPoolExecutor.java:642)
	at java.base/java.lang.Thread.run(Thread.java:1583)
[2025-12-20 01:40:01] [INFO ] TC02_LoginTest - After Method executed
[2025-12-20 01:40:02] [INFO ] TC02_LoginTest - After class executed
[2025-12-20 01:40:02] [INFO ] TestListener - >>> FINISH TEST SUITE: Register Test
[2025-12-20 01:40:02] [INFO ] TC01_RegisterTest - Test Suite completed
[2025-12-20 02:20:38] [INFO ] TC01_RegisterTest - Before Suite executed
[2025-12-20 02:20:39] [INFO ] TestListener - >>> START TEST SUITE: Register Test
[2025-12-20 02:20:39] [INFO ] TC02_LoginTest - Before class executed
[2025-12-20 02:20:44] [INFO ] TC02_LoginTest - Before Method executed
[2025-12-20 02:20:44] [INFO ] TestListener - ===== START TEST: testLoginWithInvalidAccount =====
[2025-12-20 02:20:45] [INFO ] TopBarNavigation - click: By.xpath: //h3[text()='Đăng Nhập']
[2025-12-20 02:20:45] [INFO ] TopBarNavigation - waitForElementToBeClickable: By.xpath: //h3[text()='Đăng Nhập']
[2025-12-20 02:20:45] [INFO ] LoginPage - enterAccount: invalid_account_123
[2025-12-20 02:20:45] [INFO ] LoginPage - sendKeys: By.id: taiKhoan with invalid_account_123
[2025-12-20 02:20:45] [INFO ] LoginPage - waitForVisibilityOfElementLocated: By.id: taiKhoan
[2025-12-20 02:20:45] [INFO ] LoginPage - enterPassword: Test123456@
[2025-12-20 02:20:45] [INFO ] LoginPage - sendKeys: By.id: matKhau with Test123456@
[2025-12-20 02:20:45] [INFO ] LoginPage - waitForVisibilityOfElementLocated: By.id: matKhau
[2025-12-20 02:20:45] [INFO ] LoginPage - clickLogin
[2025-12-20 02:20:45] [INFO ] LoginPage - click: By.xpath: //button[.='Đăng nhập']
[2025-12-20 02:20:45] [INFO ] LoginPage - waitForElementToBeClickable: By.xpath: //button[.='Đăng nhập']
[2025-12-20 02:20:45] [INFO ] LoginPage - getMessage2
[2025-12-20 02:20:45] [INFO ] LoginPage - getText: By.xpath: //div[contains(@class,'MuiAlert-message') and contains(text(),'Tài khoản hoặc mật khẩu không đúng')]
[2025-12-20 02:20:45] [INFO ] LoginPage - waitForVisibilityOfElementLocated: By.xpath: //div[contains(@class,'MuiAlert-message') and contains(text(),'Tài khoản hoặc mật khẩu không đúng')]
[2025-12-20 02:20:46] [ERROR] TestListener - ===== FAILED TEST: testLoginWithInvalidAccount =====
java.lang.AssertionError: Invalid account message expected [Tài khoản hoặc mật khẩu không đúng] but found [Tài khoản hoặc mật khẩu không đúng!]
	at org.testng.Assert.fail(Assert.java:111)
	at org.testng.Assert.failNotEquals(Assert.java:1590)
	at org.testng.Assert.assertEqualsImpl(Assert.java:150)
	at org.testng.Assert.assertEquals(Assert.java:132)
	at org.testng.Assert.assertEquals(Assert.java:656)
	at testcases.login.TC02_LoginTest.testLoginWithInvalidAccount(TC02_LoginTest.java:113)
	at java.base/jdk.internal.reflect.DirectMethodHandleAccessor.invoke(DirectMethodHandleAccessor.java:103)
	at java.base/java.lang.reflect.Method.invoke(Method.java:580)
	at org.testng.internal.invokers.MethodInvocationHelper.invokeMethod(MethodInvocationHelper.java:141)
	at org.testng.internal.invokers.TestInvoker.invokeMethod(TestInvoker.java:687)
	at org.testng.internal.invokers.TestInvoker.invokeTestMethod(TestInvoker.java:230)
	at org.testng.internal.invokers.MethodRunner.runInSequence(MethodRunner.java:63)
	at org.testng.internal.invokers.TestInvoker$MethodInvocationAgent.invoke(TestInvoker.java:995)
	at org.testng.internal.invokers.TestInvoker.invokeTestMethods(TestInvoker.java:203)
	at org.testng.internal.invokers.TestMethodWorker.invokeTestMethods(TestMethodWorker.java:154)
	at org.testng.internal.invokers.TestMethodWorker.run(TestMethodWorker.java:134)
	at java.base/java.util.concurrent.Executors$RunnableAdapter.call(Executors.java:572)
	at java.base/java.util.concurrent.FutureTask.run(FutureTask.java:317)
	at org.testng.internal.thread.graph.TestNGFutureTask.run(TestNGFutureTask.java:22)
	at java.base/java.util.concurrent.ThreadPoolExecutor.runWorker(ThreadPoolExecutor.java:1144)
	at java.base/java.util.concurrent.ThreadPoolExecutor$Worker.run(ThreadPoolExecutor.java:642)
	at java.base/java.lang.Thread.run(Thread.java:1583)
[2025-12-20 02:20:46] [INFO ] TC02_LoginTest - After Method executed
[2025-12-20 02:20:46] [INFO ] TC02_LoginTest - After class executed
[2025-12-20 02:20:46] [INFO ] TestListener - >>> FINISH TEST SUITE: Register Test
[2025-12-20 02:20:47] [INFO ] TC01_RegisterTest - Test Suite completed
[2025-12-20 02:21:42] [INFO ] TC01_RegisterTest - Before Suite executed
[2025-12-20 02:21:42] [INFO ] TestListener - >>> START TEST SUITE: Register Test
[2025-12-20 02:21:42] [INFO ] TC02_LoginTest - Before class executed
[2025-12-20 02:21:43] [INFO ] TC02_LoginTest - Before Method executed
[2025-12-20 02:21:43] [INFO ] TestListener - ===== START TEST: testLoginWithInvalidAccount =====
[2025-12-20 02:21:44] [INFO ] TopBarNavigation - click: By.xpath: //h3[text()='Đăng Nhập']
[2025-12-20 02:21:44] [INFO ] TopBarNavigation - waitForElementToBeClickable: By.xpath: //h3[text()='Đăng Nhập']
[2025-12-20 02:21:44] [INFO ] LoginPage - enterAccount: invalid_account_123
[2025-12-20 02:21:44] [INFO ] LoginPage - sendKeys: By.id: taiKhoan with invalid_account_123
[2025-12-20 02:21:44] [INFO ] LoginPage - waitForVisibilityOfElementLocated: By.id: taiKhoan
[2025-12-20 02:21:44] [INFO ] LoginPage - enterPassword: Test123456@
[2025-12-20 02:21:44] [INFO ] LoginPage - sendKeys: By.id: matKhau with Test123456@
[2025-12-20 02:21:44] [INFO ] LoginPage - waitForVisibilityOfElementLocated: By.id: matKhau
[2025-12-20 02:21:44] [INFO ] LoginPage - clickLogin
[2025-12-20 02:21:44] [INFO ] LoginPage - click: By.xpath: //button[.='Đăng nhập']
[2025-12-20 02:21:44] [INFO ] LoginPage - waitForElementToBeClickable: By.xpath: //button[.='Đăng nhập']
[2025-12-20 02:21:44] [INFO ] LoginPage - getMessage2
[2025-12-20 02:21:44] [INFO ] LoginPage - getText: By.xpath: //div[contains(@class,'MuiAlert-message') and contains(text(),'Tài khoản hoặc mật khẩu không đúng!')]
[2025-12-20 02:21:44] [INFO ] LoginPage - waitForVisibilityOfElementLocated: By.xpath: //div[contains(@class,'MuiAlert-message') and contains(text(),'Tài khoản hoặc mật khẩu không đúng!')]
[2025-12-20 02:21:45] [INFO ] TestListener - ===== PASSED TEST: testLoginWithInvalidAccount =====
[2025-12-20 02:21:45] [INFO ] TC02_LoginTest - After Method executed
[2025-12-20 02:21:45] [INFO ] TC02_LoginTest - After class executed
[2025-12-20 02:21:45] [INFO ] TestListener - >>> FINISH TEST SUITE: Register Test
[2025-12-20 02:21:45] [INFO ] TC01_RegisterTest - Test Suite completed
[2025-12-20 02:41:56] [INFO ] TC01_RegisterTest - Before Suite executed
[2025-12-20 02:41:56] [INFO ] TestListener - >>> START TEST SUITE: Register Test
[2025-12-20 02:41:56] [INFO ] TC02_LoginTest - Before class executed
[2025-12-20 02:41:57] [INFO ] TC02_LoginTest - Before Method executed
[2025-12-20 02:41:57] [INFO ] TestListener - ===== START TEST: testLoginWithInvalidAccount =====
[2025-12-20 02:41:58] [INFO ] TopBarNavigation - click: By.xpath: //h3[text()='Đăng Nhập']
[2025-12-20 02:41:58] [INFO ] TopBarNavigation - waitForElementToBeClickable: By.xpath: //h3[text()='Đăng Nhập']
[2025-12-20 02:41:58] [INFO ] LoginPage - enterAccount: invalid_account_123
[2025-12-20 02:41:58] [INFO ] LoginPage - sendKeys: By.id: taiKhoan with invalid_account_123
[2025-12-20 02:41:58] [INFO ] LoginPage - waitForVisibilityOfElementLocated: By.id: taiKhoan
[2025-12-20 02:41:58] [INFO ] LoginPage - enterPassword: Test123456@
[2025-12-20 02:41:58] [INFO ] LoginPage - sendKeys: By.id: matKhau with Test123456@
[2025-12-20 02:41:58] [INFO ] LoginPage - waitForVisibilityOfElementLocated: By.id: matKhau
[2025-12-20 02:41:59] [INFO ] LoginPage - clickLogin
[2025-12-20 02:41:59] [INFO ] LoginPage - click: By.xpath: //button[.='Đăng nhập']
[2025-12-20 02:41:59] [INFO ] LoginPage - waitForElementToBeClickable: By.xpath: //button[.='Đăng nhập']
[2025-12-20 02:41:59] [INFO ] LoginPage - getMessage2
[2025-12-20 02:41:59] [INFO ] LoginPage - getText: By.xpath: //div[contains(@class,'MuiAlert-message') and contains(text(),'Tài khoản hoặc mật khẩu không đúng!')]
[2025-12-20 02:41:59] [INFO ] LoginPage - waitForVisibilityOfElementLocated: By.xpath: //div[contains(@class,'MuiAlert-message') and contains(text(),'Tài khoản hoặc mật khẩu không đúng!')]
[2025-12-20 02:41:59] [INFO ] TestListener - ===== PASSED TEST: testLoginWithInvalidAccount =====
[2025-12-20 02:41:59] [INFO ] TC02_LoginTest - After Method executed
[2025-12-20 02:41:59] [INFO ] TC02_LoginTest - After class executed
[2025-12-20 02:41:59] [INFO ] TestListener - >>> FINISH TEST SUITE: Register Test
[2025-12-20 02:42:00] [INFO ] TC01_RegisterTest - Test Suite completed
