[2025-12-13 17:50:01] [INFO ] TC01_RegisterTest - Before Suite executed
[2025-12-13 17:50:01] [INFO ] TestListener - >>> START TEST SUITE: Register Test
[2025-12-13 17:50:01] [INFO ] TC02_LoginTest - Before class executed
[2025-12-13 17:50:06] [INFO ] TC02_LoginTest - Before Method executed
[2025-12-13 17:50:06] [INFO ] TestListener - ===== START TEST: testValidLogin =====
[2025-12-13 17:50:06] [INFO ] TopBarNavigation - click: By.xpath: //h3[text()='Đăng Nhập']
[2025-12-13 17:50:06] [INFO ] TopBarNavigation - waitForElementToBeClickable: By.xpath: //h3[text()='Đăng Nhập']
[2025-12-13 17:50:07] [INFO ] LoginPage - enterAccount: Testaefad88de3ff4ca2b9d3679f1199415c
[2025-12-13 17:50:07] [INFO ] LoginPage - sendKeys: By.id: taiKhoan with Testaefad88de3ff4ca2b9d3679f1199415c
[2025-12-13 17:50:07] [INFO ] LoginPage - waitForVisibilityOfElementLocated: By.id: taiKhoan
[2025-12-13 17:50:08] [INFO ] LoginPage - enterPassword: Test123456@
[2025-12-13 17:50:08] [INFO ] LoginPage - sendKeys: By.id: matKhau with Test123456@
[2025-12-13 17:50:08] [INFO ] LoginPage - waitForVisibilityOfElementLocated: By.id: matKhau
[2025-12-13 17:50:08] [INFO ] LoginPage - clickLogin
[2025-12-13 17:50:08] [INFO ] LoginPage - click: By.xpath: //button[.='Đăng nhập']
[2025-12-13 17:50:08] [INFO ] LoginPage - waitForElementToBeClickable: By.xpath: //button[.='Đăng nhập']
[2025-12-13 17:50:08] [INFO ] LoginPage - getMessage
[2025-12-13 17:50:08] [INFO ] LoginPage - getText: By.id: swal2-title
[2025-12-13 17:50:08] [INFO ] LoginPage - waitForVisibilityOfElementLocated: By.id: swal2-title
[2025-12-13 17:50:09] [INFO ] HomePage - getText: By.xpath: //a[@href='/account']/h3
[2025-12-13 17:50:09] [INFO ] HomePage - waitForVisibilityOfElementLocated: By.xpath: //a[@href='/account']/h3
[2025-12-13 17:50:09] [INFO ] TestListener - ===== PASSED TEST: testValidLogin =====
[2025-12-13 17:50:09] [INFO ] TC02_LoginTest - After Method executed
[2025-12-13 17:50:09] [INFO ] TC02_LoginTest - After class executed
[2025-12-13 17:50:09] [INFO ] TestListener - >>> FINISH TEST SUITE: Register Test
[2025-12-13 17:50:09] [INFO ] TC01_RegisterTest - Test Suite completed
[2025-12-13 18:37:53] [INFO ] TC01_RegisterTest - Before Suite executed
[2025-12-13 18:37:53] [INFO ] TestListener - >>> START TEST SUITE: Register Test
[2025-12-13 18:37:53] [INFO ] TC02_LoginTest - Before class executed
[2025-12-13 18:37:54] [INFO ] TC02_LoginTest - Before Method executed
[2025-12-13 18:37:54] [INFO ] TestListener - ===== START TEST: testValidLogin =====
[2025-12-13 18:40:54] [ERROR] TestListener - ===== FAILED TEST: testValidLogin =====
org.openqa.selenium.TimeoutException: java.util.concurrent.TimeoutException
Build info: version: '4.35.0', revision: '1c58e5028b'
System info: os.name: 'Windows 11', os.arch: 'amd64', os.version: '10.0', java.version: '21.0.6'
Driver info: org.openqa.selenium.chrome.ChromeDriver
Command: [1aaba645c57a934a23bdadc28313ce4e, get {url=https://demo1.cybersoft.edu.vn}]
Capabilities {acceptInsecureCerts: false, browserName: chrome, browserVersion: 142.0.7444.176, chrome: {chromedriverVersion: 142.0.7444.175 (302067f14a4..., userDataDir: C:\Users\admin\AppData\Loca...}, fedcm:accounts: true, goog:chromeOptions: {debuggerAddress: localhost:64758}, goog:processID: 4788, networkConnectionEnabled: false, pageLoadStrategy: normal, platformName: windows, proxy: Proxy(), se:cdp: ws://localhost:64758/devtoo..., se:cdpVersion: 142.0.7444.176, setWindowRect: true, strictFileInteractability: false, timeouts: {implicit: 0, pageLoad: 300000, script: 30000}, unhandledPromptBehavior: dismiss and notify, webauthn:extension:credBlob: true, webauthn:extension:largeBlob: true, webauthn:extension:minPinLength: true, webauthn:extension:prf: true, webauthn:virtualAuthenticators: true}
Session ID: 1aaba645c57a934a23bdadc28313ce4e
	at org.openqa.selenium.remote.http.jdk.JdkHttpClient.execute(JdkHttpClient.java:427)
	at org.openqa.selenium.remote.HttpCommandExecutor.execute(HttpCommandExecutor.java:212)
	at org.openqa.selenium.remote.service.DriverCommandExecutor.invokeExecute(DriverCommandExecutor.java:216)
	at org.openqa.selenium.remote.service.DriverCommandExecutor.execute(DriverCommandExecutor.java:174)
	at org.openqa.selenium.remote.RemoteWebDriver.execute(RemoteWebDriver.java:557)
	at org.openqa.selenium.remote.RemoteWebDriver.get(RemoteWebDriver.java:325)
	at testcases.login.TC02_LoginTest.testValidLogin(TC02_LoginTest.java:24)
	at java.base/jdk.internal.reflect.DirectMethodHandleAccessor.invoke(DirectMethodHandleAccessor.java:103)
	at java.base/java.lang.reflect.Method.invoke(Method.java:580)
	at org.testng.internal.invokers.MethodInvocationHelper.invokeMethod(MethodInvocationHelper.java:141)
	at org.testng.internal.invokers.TestInvoker.invokeMethod(TestInvoker.java:687)
	at org.testng.internal.invokers.TestInvoker.invokeTestMethod(TestInvoker.java:230)
	at org.testng.internal.invokers.MethodRunner.runInSequence(MethodRunner.java:63)
	at org.testng.internal.invokers.TestInvoker$MethodInvocationAgent.invoke(TestInvoker.java:995)
	at org.testng.internal.invokers.TestInvoker.invokeTestMethods(TestInvoker.java:203)
	at org.testng.internal.invokers.TestMethodWorker.invokeTestMethods(TestMethodWorker.java:154)
	at org.testng.internal.invokers.TestMethodWorker.run(TestMethodWorker.java:134)
	at java.base/java.util.concurrent.Executors$RunnableAdapter.call(Executors.java:572)
	at java.base/java.util.concurrent.FutureTask.run(FutureTask.java:317)
	at org.testng.internal.thread.graph.TestNGFutureTask.run(TestNGFutureTask.java:22)
	at java.base/java.util.concurrent.ThreadPoolExecutor.runWorker(ThreadPoolExecutor.java:1144)
	at java.base/java.util.concurrent.ThreadPoolExecutor$Worker.run(ThreadPoolExecutor.java:642)
	at java.base/java.lang.Thread.run(Thread.java:1583)
Caused by: java.util.concurrent.TimeoutException
	at java.base/java.util.concurrent.CompletableFuture$Timeout.run(CompletableFuture.java:2920)
	at java.base/java.util.concurrent.Executors$RunnableAdapter.call(Executors.java:572)
	at java.base/java.util.concurrent.FutureTask.run(FutureTask.java:317)
	at java.base/java.util.concurrent.ScheduledThreadPoolExecutor$ScheduledFutureTask.run(ScheduledThreadPoolExecutor.java:304)
	... 3 more
[2025-12-13 18:40:54] [INFO ] TC02_LoginTest - After Method executed
[2025-12-13 18:42:33] [INFO ] TC02_LoginTest - Before Method executed
[2025-12-13 18:42:33] [INFO ] TestListener - ===== START TEST: testinValidLogin =====
[2025-12-13 18:45:33] [ERROR] TestListener - ===== FAILED TEST: testinValidLogin =====
org.openqa.selenium.TimeoutException: java.util.concurrent.TimeoutException
Build info: version: '4.35.0', revision: '1c58e5028b'
System info: os.name: 'Windows 11', os.arch: 'amd64', os.version: '10.0', java.version: '21.0.6'
Driver info: org.openqa.selenium.chrome.ChromeDriver
Command: [1aaba645c57a934a23bdadc28313ce4e, get {url=https://demo1.cybersoft.edu.vn}]
Capabilities {acceptInsecureCerts: false, browserName: chrome, browserVersion: 142.0.7444.176, chrome: {chromedriverVersion: 142.0.7444.175 (302067f14a4..., userDataDir: C:\Users\admin\AppData\Loca...}, fedcm:accounts: true, goog:chromeOptions: {debuggerAddress: localhost:64758}, goog:processID: 4788, networkConnectionEnabled: false, pageLoadStrategy: normal, platformName: windows, proxy: Proxy(), se:cdp: ws://localhost:64758/devtoo..., se:cdpVersion: 142.0.7444.176, setWindowRect: true, strictFileInteractability: false, timeouts: {implicit: 0, pageLoad: 300000, script: 30000}, unhandledPromptBehavior: dismiss and notify, webauthn:extension:credBlob: true, webauthn:extension:largeBlob: true, webauthn:extension:minPinLength: true, webauthn:extension:prf: true, webauthn:virtualAuthenticators: true}
Session ID: 1aaba645c57a934a23bdadc28313ce4e
	at org.openqa.selenium.remote.http.jdk.JdkHttpClient.execute(JdkHttpClient.java:427)
	at org.openqa.selenium.remote.HttpCommandExecutor.execute(HttpCommandExecutor.java:212)
	at org.openqa.selenium.remote.service.DriverCommandExecutor.invokeExecute(DriverCommandExecutor.java:216)
	at org.openqa.selenium.remote.service.DriverCommandExecutor.execute(DriverCommandExecutor.java:174)
	at org.openqa.selenium.remote.RemoteWebDriver.execute(RemoteWebDriver.java:557)
	at org.openqa.selenium.remote.RemoteWebDriver.get(RemoteWebDriver.java:325)
	at testcases.login.TC02_LoginTest.testinValidLogin(TC02_LoginTest.java:58)
	at java.base/jdk.internal.reflect.DirectMethodHandleAccessor.invoke(DirectMethodHandleAccessor.java:103)
	at java.base/java.lang.reflect.Method.invoke(Method.java:580)
	at org.testng.internal.invokers.MethodInvocationHelper.invokeMethod(MethodInvocationHelper.java:141)
	at org.testng.internal.invokers.TestInvoker.invokeMethod(TestInvoker.java:687)
	at org.testng.internal.invokers.TestInvoker.invokeTestMethod(TestInvoker.java:230)
	at org.testng.internal.invokers.MethodRunner.runInSequence(MethodRunner.java:63)
	at org.testng.internal.invokers.TestInvoker$MethodInvocationAgent.invoke(TestInvoker.java:995)
	at org.testng.internal.invokers.TestInvoker.invokeTestMethods(TestInvoker.java:203)
	at org.testng.internal.invokers.TestMethodWorker.invokeTestMethods(TestMethodWorker.java:154)
	at org.testng.internal.invokers.TestMethodWorker.run(TestMethodWorker.java:134)
	at java.base/java.util.concurrent.Executors$RunnableAdapter.call(Executors.java:572)
	at java.base/java.util.concurrent.FutureTask.run(FutureTask.java:317)
	at org.testng.internal.thread.graph.TestNGFutureTask.run(TestNGFutureTask.java:22)
	at java.base/java.util.concurrent.ThreadPoolExecutor.runWorker(ThreadPoolExecutor.java:1144)
	at java.base/java.util.concurrent.ThreadPoolExecutor$Worker.run(ThreadPoolExecutor.java:642)
	at java.base/java.lang.Thread.run(Thread.java:1583)
Caused by: java.util.concurrent.TimeoutException
	at java.base/java.util.concurrent.CompletableFuture$Timeout.run(CompletableFuture.java:2920)
	at java.base/java.util.concurrent.Executors$RunnableAdapter.call(Executors.java:572)
	at java.base/java.util.concurrent.FutureTask.run(FutureTask.java:317)
	at java.base/java.util.concurrent.ScheduledThreadPoolExecutor$ScheduledFutureTask.run(ScheduledThreadPoolExecutor.java:304)
	... 3 more
[2025-12-13 18:45:33] [INFO ] TC02_LoginTest - After Method executed
[2025-12-13 18:47:33] [INFO ] TC02_LoginTest - After class executed
[2025-12-13 18:47:33] [INFO ] TestListener - >>> FINISH TEST SUITE: Register Test
[2025-12-13 18:47:34] [INFO ] TC01_RegisterTest - Test Suite completed
[2025-12-13 20:05:16] [INFO ] TC01_RegisterTest - Before Suite executed
[2025-12-13 20:05:16] [INFO ] TestListener - >>> START TEST SUITE: Register Test
[2025-12-13 20:05:16] [INFO ] TC02_LoginTest - Before class executed
[2025-12-13 20:05:18] [INFO ] TC02_LoginTest - Before Method executed
[2025-12-13 20:05:18] [INFO ] TestListener - ===== START TEST: testinvalidLogin =====
[2025-12-13 20:05:59] [INFO ] TopBarNavigation - click: By.xpath: //h3[text()='Đăng Nhập']
[2025-12-13 20:05:59] [INFO ] TopBarNavigation - waitForElementToBeClickable: By.xpath: //h3[text()='Đăng Nhập']
[2025-12-13 20:05:59] [INFO ] LoginPage - enterAccount: Testaefad88de3ff4ca2b9d3679f1199415c
[2025-12-13 20:05:59] [INFO ] LoginPage - sendKeys: By.id: taiKhoan with Testaefad88de3ff4ca2b9d3679f1199415c
[2025-12-13 20:05:59] [INFO ] LoginPage - waitForVisibilityOfElementLocated: By.id: taiKhoan
[2025-12-13 20:05:59] [INFO ] LoginPage - clickLogin
[2025-12-13 20:05:59] [INFO ] LoginPage - click: By.xpath: //button[.='Đăng nhập']
[2025-12-13 20:05:59] [INFO ] LoginPage - waitForElementToBeClickable: By.xpath: //button[.='Đăng nhập']
[2025-12-13 20:05:59] [INFO ] LoginPage - getMessage
[2025-12-13 20:05:59] [INFO ] LoginPage - getText: By.id: swal2-title
[2025-12-13 20:05:59] [INFO ] LoginPage - waitForVisibilityOfElementLocated: By.id: swal2-title
[2025-12-13 20:06:30] [ERROR] TestListener - ===== FAILED TEST: testinvalidLogin =====
org.openqa.selenium.TimeoutException: Expected condition failed: waiting for visibility of element located by By.id: swal2-title (tried for 30 second(s) with 500 milliseconds interval)
Build info: version: '4.35.0', revision: '1c58e5028b'
System info: os.name: 'Windows 11', os.arch: 'amd64', os.version: '10.0', java.version: '21.0.6'
Driver info: org.openqa.selenium.chrome.ChromeDriver
Capabilities {acceptInsecureCerts: false, browserName: chrome, browserVersion: 142.0.7444.176, chrome: {chromedriverVersion: 142.0.7444.175 (302067f14a4..., userDataDir: C:\Users\admin\AppData\Loca...}, fedcm:accounts: true, goog:chromeOptions: {debuggerAddress: localhost:63092}, goog:processID: 14040, networkConnectionEnabled: false, pageLoadStrategy: normal, platformName: windows, proxy: Proxy(), se:cdp: ws://localhost:63092/devtoo..., se:cdpVersion: 142.0.7444.176, setWindowRect: true, strictFileInteractability: false, timeouts: {implicit: 0, pageLoad: 300000, script: 30000}, unhandledPromptBehavior: dismiss and notify, webauthn:extension:credBlob: true, webauthn:extension:largeBlob: true, webauthn:extension:minPinLength: true, webauthn:extension:prf: true, webauthn:virtualAuthenticators: true}
Session ID: 7a1bc9427fbde8d7e7f93f57e51e2a5f
	at org.openqa.selenium.support.ui.WebDriverWait.timeoutException(WebDriverWait.java:84)
	at org.openqa.selenium.support.ui.FluentWait.until(FluentWait.java:228)
	at base.BasePage.waitForVisibilityOfElementLocated(BasePage.java:26)
	at base.BasePage.getText(BasePage.java:48)
	at pages.LoginPage.getMessage(LoginPage.java:35)
	at testcases.login.TC02_LoginTest.testinvalidLogin(TC02_LoginTest.java:72)
	at java.base/jdk.internal.reflect.DirectMethodHandleAccessor.invoke(DirectMethodHandleAccessor.java:103)
	at java.base/java.lang.reflect.Method.invoke(Method.java:580)
	at org.testng.internal.invokers.MethodInvocationHelper.invokeMethod(MethodInvocationHelper.java:141)
	at org.testng.internal.invokers.TestInvoker.invokeMethod(TestInvoker.java:687)
	at org.testng.internal.invokers.TestInvoker.invokeTestMethod(TestInvoker.java:230)
	at org.testng.internal.invokers.MethodRunner.runInSequence(MethodRunner.java:63)
	at org.testng.internal.invokers.TestInvoker$MethodInvocationAgent.invoke(TestInvoker.java:995)
	at org.testng.internal.invokers.TestInvoker.invokeTestMethods(TestInvoker.java:203)
	at org.testng.internal.invokers.TestMethodWorker.invokeTestMethods(TestMethodWorker.java:154)
	at org.testng.internal.invokers.TestMethodWorker.run(TestMethodWorker.java:134)
	at java.base/java.util.concurrent.Executors$RunnableAdapter.call(Executors.java:572)
	at java.base/java.util.concurrent.FutureTask.run(FutureTask.java:317)
	at org.testng.internal.thread.graph.TestNGFutureTask.run(TestNGFutureTask.java:22)
	at java.base/java.util.concurrent.ThreadPoolExecutor.runWorker(ThreadPoolExecutor.java:1144)
	at java.base/java.util.concurrent.ThreadPoolExecutor$Worker.run(ThreadPoolExecutor.java:642)
	at java.base/java.lang.Thread.run(Thread.java:1583)
[2025-12-13 20:06:30] [INFO ] TC02_LoginTest - After Method executed
[2025-12-13 20:06:31] [INFO ] TC02_LoginTest - After class executed
[2025-12-13 20:06:31] [INFO ] TestListener - >>> FINISH TEST SUITE: Register Test
[2025-12-13 20:06:31] [INFO ] TC01_RegisterTest - Test Suite completed
[2025-12-13 20:10:26] [INFO ] TC01_RegisterTest - Before Suite executed
[2025-12-13 20:10:26] [INFO ] TestListener - >>> START TEST SUITE: Register Test
[2025-12-13 20:10:26] [INFO ] TC02_LoginTest - Before class executed
[2025-12-13 20:10:28] [INFO ] TC02_LoginTest - Before Method executed
[2025-12-13 20:10:28] [INFO ] TestListener - ===== START TEST: testinvalidLogin =====
[2025-12-13 20:10:29] [INFO ] TopBarNavigation - click: By.xpath: //h3[text()='Đăng Nhập']
[2025-12-13 20:10:29] [INFO ] TopBarNavigation - waitForElementToBeClickable: By.xpath: //h3[text()='Đăng Nhập']
[2025-12-13 20:10:29] [INFO ] LoginPage - enterAccount: Testaefad88de3ff4ca2b9d3679f1199415c
[2025-12-13 20:10:29] [INFO ] LoginPage - sendKeys: By.id: taiKhoan with Testaefad88de3ff4ca2b9d3679f1199415c
[2025-12-13 20:10:29] [INFO ] LoginPage - waitForVisibilityOfElementLocated: By.id: taiKhoan
[2025-12-13 20:10:30] [INFO ] LoginPage - clickLogin
[2025-12-13 20:10:30] [INFO ] LoginPage - click: By.xpath: //button[.='Đăng nhập']
[2025-12-13 20:10:30] [INFO ] LoginPage - waitForElementToBeClickable: By.xpath: //button[.='Đăng nhập']
[2025-12-13 20:10:30] [INFO ] LoginPage - getMessage1
[2025-12-13 20:10:30] [INFO ] LoginPage - getText: By.xpath: //p[@id='matKhau-helper-text']
[2025-12-13 20:10:30] [INFO ] LoginPage - waitForVisibilityOfElementLocated: By.xpath: //p[@id='matKhau-helper-text']
[2025-12-13 20:10:30] [INFO ] TestListener - ===== PASSED TEST: testinvalidLogin =====
[2025-12-13 20:10:30] [INFO ] TC02_LoginTest - After Method executed
[2025-12-13 20:10:30] [INFO ] TC02_LoginTest - After class executed
[2025-12-13 20:10:30] [INFO ] TestListener - >>> FINISH TEST SUITE: Register Test
[2025-12-13 20:10:31] [INFO ] TC01_RegisterTest - Test Suite completed
